<?xml version="1.0" encoding="UTF-8"?>
<!-- Generated by org.testng.reporters.JUnitXMLReporter -->
<testsuite hostname="sureifyadmin-Latitude-3400" ignored="4" name="TestNG Test Group" tests="4" failures="0" timestamp="2020-08-07T10:47:08 IST" time="2330.088" errors="0">
  <testcase name="footerTest" time="1978.995" classname="tests.FooterTestRunner"/>
  <testcase name="REG_NW_0001" time="171.14" classname="tests.RegressionTestRunner"/>
  <testcase name="REG_NW_0002" time="179.914" classname="tests.RegressionTestRunner"/>
  <testcase name="test2" time="0.002" classname="tests.MainTestRunner"/>
  <testcase name="REG_NW_0004" time="0.0" classname="tests.RegressionTestRunner">
    <ignored/>
  </testcase> <!-- REG_NW_0004 -->
  <testcase name="REG_NW_0005" time="0.0" classname="tests.RegressionTestRunner">
    <ignored/>
  </testcase> <!-- REG_NW_0005 -->
  <testcase name="test" time="0.0" classname="tests.MainTestRunner">
    <ignored/>
  </testcase> <!-- test -->
  <testcase name="REG_NW_0003" time="0.0" classname="tests.RegressionTestRunner">
    <ignored/>
  </testcase> <!-- REG_NW_0003 -->
</testsuite> <!-- TestNG Test Group -->
